<?xml version="1.0" encoding="UTF-8"?>
<!-- Generated by org.testng.reporters.JUnitReportReporter -->
<testsuite skipped="0" hostname="ntpc01508" name="contactDetails.Testdemo" tests="3" failures="0" timestamp="24 Aug 2018 12:23:23 GMT" time="0.010" errors="0">
  <testcase name="start" time="0.008" classname="contactDetails.Testdemo"/>
  <testcase name="stop" time="0.001" classname="contactDetails.Testdemo"/>
  <testcase name="process" time="0.001" classname="contactDetails.Testdemo"/>
</testsuite> <!-- contactDetails.Testdemo -->
