<?xml version="1.0" encoding="UTF-8"?>
<!-- Generated by org.testng.reporters.JUnitReportReporter -->
<testsuite skipped="0" hostname="ntpc01508" name="contactDetails.Logintest" tests="1" failures="0" timestamp="24 Aug 2018 13:06:29 GMT" time="27.955" errors="0">
  <testcase name="login1" time="27.955" classname="contactDetails.Logintest"/>
</testsuite> <!-- contactDetails.Logintest -->
