<?xml version="1.0" encoding="UTF-8"?>
<!-- Generated by org.testng.reporters.JUnitReportReporter -->
<testsuite skipped="0" hostname="ntpc01508" name="DriverScript.Logintest" tests="1" failures="0" timestamp="27 Aug 2018 09:21:22 GMT" time="57.490" errors="0">
  <testcase name="login1" time="57.490" classname="DriverScript.Logintest"/>
</testsuite> <!-- DriverScript.Logintest -->
