<?xml version="1.0" encoding="UTF-8"?>
<!-- Generated by org.testng.reporters.JUnitReportReporter -->
<testsuite skipped="0" hostname="ntpc01508" name="DriverScript.Testdemo" tests="3" failures="0" timestamp="27 Aug 2018 09:21:22 GMT" time="0.003" errors="0">
  <testcase name="stop" time="0.001" classname="DriverScript.Testdemo"/>
  <testcase name="start" time="0.001" classname="DriverScript.Testdemo"/>
  <testcase name="process" time="0.001" classname="DriverScript.Testdemo"/>
</testsuite> <!-- DriverScript.Testdemo -->
